Text-Edit-for-Android-master/app/build/outputs/logs/manifest-merger-debug-report.txt
-- Merging decision tree log ---
manifest
ADDED from src\main\AndroidManifest.xml:2:1-53:12
	package
		ADDED from src\main\AndroidManifest.xml:3:7-38
		INJECTED from src\main\AndroidManifest.xml
		INJECTED from src\main\AndroidManifest.xml
	android:versionName
		ADDED from src\main\AndroidManifest.xml:5:7-32
		INJECTED from src\main\AndroidManifest.xml
		INJECTED from src\main\AndroidManifest.xml
	android:versionCode
		ADDED from src\main\AndroidManifest.xml:4:7-31
		INJECTED from src\main\AndroidManifest.xml
		INJECTED from src\main\AndroidManifest.xml
	xmlns:android
		ADDED from src\main\AndroidManifest.xml:2:11-69
	android:installLocation
		ADDED from src\main\AndroidManifest.xml:6:7-37
uses-sdk
ADDED from src\main\AndroidManifest.xml:8:5-43
	android:targetSdkVersion
		INJECTED from src\main\AndroidManifest.xml
		INJECTED from src\main\AndroidManifest.xml
	android:minSdkVersion
		ADDED from src\main\AndroidManifest.xml:8:15-40
		INJECTED from src\main\AndroidManifest.xml
		INJECTED from src\main\AndroidManifest.xml
uses-permission#android.permission.WRITE_EXTERNAL_STORAGE
ADDED from src\main\AndroidManifest.xml:9:5-81
	android:name
		ADDED from src\main\AndroidManifest.xml:9:22-78
supports-screens
ADDED from src\main\AndroidManifest.xml:11:5-15:37
	android:largeScreens
		ADDED from src\main\AndroidManifest.xml:14:9-36
	android:smallScreens
		ADDED from src\main\AndroidManifest.xml:12:9-36
	android:normalScreens
		ADDED from src\main\AndroidManifest.xml:13:9-37
	android:anyDensity
		ADDED from src\main\AndroidManifest.xml:15:9-34
application
ADDED from src\main\AndroidManifest.xml:17:5-52:19
	android:label
		ADDED from src\main\AndroidManifest.xml:17:48-80
	android:icon
		ADDED from src\main\AndroidManifest.xml:17:18-47
activity#org.paulmach.textedit.pmTextEdit
ADDED from src\main\AndroidManifest.xml:18:9-39:20
	android:label
		ADDED from src\main\AndroidManifest.xml:19:19-51
	android:launchMode
		ADDED from src\main\AndroidManifest.xml:20:19-49
	android:name
		ADDED from src\main\AndroidManifest.xml:18:19-45
intent-filter#android.intent.action.MAIN+android.intent.category.LAUNCHER
ADDED from src\main\AndroidManifest.xml:21:13-24:29
action#android.intent.action.MAIN
ADDED from src\main\AndroidManifest.xml:22:17-69
	android:name
		ADDED from src\main\AndroidManifest.xml:22:25-66
category#android.intent.category.LAUNCHER
ADDED from src\main\AndroidManifest.xml:23:17-77
	android:name
		ADDED from src\main\AndroidManifest.xml:23:27-74
intent-filter#android.intent.action.EDIT+android.intent.action.PICK+android.intent.action.VIEW+android.intent.category.DEFAULT
ADDED from src\main\AndroidManifest.xml:25:13-33:29
action#android.intent.action.VIEW
ADDED from src\main\AndroidManifest.xml:26:17-69
	android:name
		ADDED from src\main\AndroidManifest.xml:26:25-66
action#android.intent.action.EDIT
ADDED from src\main\AndroidManifest.xml:27:17-69
	android:name
		ADDED from src\main\AndroidManifest.xml:27:25-66
action#android.intent.action.PICK
ADDED from src\main\AndroidManifest.xml:28:17-69
	android:name
		ADDED from src\main\AndroidManifest.xml:28:25-66
category#android.intent.category.DEFAULT
ADDED from src\main\AndroidManifest.xml:29:17-76
	android:name
		ADDED from src\main\AndroidManifest.xml:29:27-73
data
ADDED from src\main\AndroidManifest.xml:30:17-55
	android:mimeType
		ADDED from src\main\AndroidManifest.xml:30:23-52
intent-filter#android.intent.action.SEARCH
ADDED from src\main\AndroidManifest.xml:34:13-36:29
action#android.intent.action.SEARCH
ADDED from src\main\AndroidManifest.xml:35:17-71
	android:name
		ADDED from src\main\AndroidManifest.xml:35:25-68
meta-data#android.app.searchable
ADDED from src\main\AndroidManifest.xml:37:13-38:56
	android:resource
		ADDED from src\main\AndroidManifest.xml:38:20-54
	android:name
		ADDED from src\main\AndroidManifest.xml:37:24-61
activity#org.paulmach.textedit.EditPreferences
ADDED from src\main\AndroidManifest.xml:40:9-43:20
	android:label
		ADDED from src\main\AndroidManifest.xml:42:13-45
	android:name
		ADDED from src\main\AndroidManifest.xml:41:13-44
activity#org.paulmach.textedit.FileBrowser
ADDED from src\main\AndroidManifest.xml:44:9-48:20
	android:label
		ADDED from src\main\AndroidManifest.xml:46:13-45
	android:theme
		ADDED from src\main\AndroidManifest.xml:47:13-56
	android:name
		ADDED from src\main\AndroidManifest.xml:45:13-40
provider#org.paulmach.textedit.SearchSuggestions
ADDED from src\main\AndroidManifest.xml:49:9-51:60
	android:authorities
		ADDED from src\main\AndroidManifest.xml:51:13-57
	android:name
		ADDED from src\main\AndroidManifest.xml:50:13-46